\BOOKMARK [1][-]{section.1}{\376\377\213\364\146\016}{}% 1
\BOOKMARK [2][-]{subsection.1.1}{\376\377\173\024\213\260\154\350\141\017\116\213\230\171}{section.1}% 2
\BOOKMARK [3][-]{subsubsection.1.1.1}{}{subsection.1.1}% 3
\BOOKMARK [3][-]{subsubsection.1.1.2}{}{subsection.1.1}% 4
\BOOKMARK [3][-]{subsubsection.1.1.3}{}{subsection.1.1}% 5
\BOOKMARK [3][-]{subsubsection.1.1.4}{}{subsection.1.1}% 6
\BOOKMARK [2][-]{subsection.1.2}{\376\377\120\132\230\230}{section.1}% 7
\BOOKMARK [3][-]{subsubsection.1.2.1}{\376\377\136\070\165\050\166\204\145\271\154\325}{subsection.1.2}% 8
\BOOKMARK [3][-]{subsubsection.1.2.2}{\376\377\116\073\211\201\166\204\140\035\140\363}{subsection.1.2}% 9
\BOOKMARK [3][-]{subsubsection.1.2.3}{\376\377\217\154\123\026\116\072\221\115\145\271}{subsection.1.2}% 10
\BOOKMARK [2][-]{subsection.1.3}{\376\377\174\373\145\160\226\065\124\214\000p\000q\000r}{section.1}% 11
\BOOKMARK [2][-]{subsection.1.4}{\376\377\000C\000a\000l\000c\377\010\174\373\145\160\226\065\213\241\173\227\126\150\377\011\117\177\165\050\213\364\146\016}{section.1}% 12
\BOOKMARK [3][-]{subsubsection.1.4.1}{\376\377\116\013\217\175}{subsection.1.4}% 13
\BOOKMARK [3][-]{subsubsection.1.4.2}{\376\377\217\223\121\145}{subsection.1.4}% 14
\BOOKMARK [2][-]{subsection.1.5}{}{section.1}% 15
\BOOKMARK [2][-]{subsection.1.6}{\376\377\000s\000o\000s\000t\000o\000o\000l}{section.1}% 16
\BOOKMARK [1][-]{section.2}{\376\377\116\214\121\103\174\373\145\160\176\304}{}% 17
\BOOKMARK [2][-]{subsection.2.1}{\376\377\147\150\217\211\116\011\211\322}{section.2}% 18
\BOOKMARK [2][-]{subsection.2.2}{\376\377\133\232\116\111}{section.2}% 19
\BOOKMARK [2][-]{subsection.2.3}{\376\377\116\214\121\103\174\373\145\160\176\304\166\204\217\320\173\227\140\047\215\050}{section.2}% 20
\BOOKMARK [1][-]{section.3}{\376\377\174\373\145\160\226\065}{}% 21
\BOOKMARK [2][-]{subsection.3.1}{\376\377\133\232\116\111}{section.3}% 22
\BOOKMARK [2][-]{subsection.3.2}{\376\377\174\373\145\160\226\065\166\204\217\320\173\227}{section.3}% 23
\BOOKMARK [2][-]{subsection.3.3}{\376\377\116\140\230\230}{section.3}% 24
\BOOKMARK [1][-]{section.4}{\376\377\173\200\123\125\127\107\120\074\116\015\173\111\137\017}{}% 25
\BOOKMARK [2][-]{subsection.4.1}{\376\377\173\200\123\125\166\204\127\107\120\074\116\015\173\111\137\017}{section.4}% 26
\BOOKMARK [1][-]{section.5}{\376\377\116\044\116\052\176\323\147\204}{}% 27
\BOOKMARK [2][-]{subsection.5.1}{\376\377\000\040\000\050\000a\000-\000b\000\051\0002\000n\176\323\147\204}{section.5}% 28
\BOOKMARK [2][-]{subsection.5.2}{\376\377\040\034\0001\000.\000.\000.\000-\0001\000.\000.\000.\000-\0001\000.\000.\000.\0001\040\035\176\323\147\204}{section.5}% 29
\BOOKMARK [2][-]{subsection.5.3}{\376\377\116\140\230\230}{section.5}% 30
\BOOKMARK [1][-]{section.6}{\376\377\202\022\134\024\116\015\173\111\137\017}{}% 31
\BOOKMARK [2][-]{subsection.6.1}{\376\377\202\022\134\024\116\015\173\111\137\017}{section.6}% 32
\BOOKMARK [2][-]{subsection.6.2}{\376\377\173\200\123\125\166\204\202\022\134\024\116\015\173\111\137\017}{section.6}% 33
\BOOKMARK [2][-]{subsection.6.3}{\376\377\146\364\131\032\166\204\202\022\134\024\116\015\173\111\137\017}{section.6}% 34
\BOOKMARK [2][-]{subsection.6.4}{\376\377\116\140\230\230}{section.6}% 35
\BOOKMARK [1][-]{section.7}{\376\377\221\115\145\271}{}% 36
\BOOKMARK [2][-]{subsection.7.1}{\376\377\136\163\145\271}{section.7}% 37
\BOOKMARK [2][-]{subsection.7.2}{\376\377\126\340\137\017\122\006\211\343}{section.7}% 38
\BOOKMARK [2][-]{subsection.7.3}{\376\377\221\115\145\271\154\325\137\025\121\145}{section.7}% 39
\BOOKMARK [1][-]{section.8}{\376\377\116\214\153\041\121\103}{}% 40
\BOOKMARK [2][-]{subsection.8.1}{\376\377\224\210\133\371\123\326\173\111\166\204\133\232\124\021\221\115\145\271}{section.8}% 41
\BOOKMARK [2][-]{subsection.8.2}{\376\377\116\214\153\041\121\103}{section.8}% 42
\BOOKMARK [2][-]{subsection.8.3}{\376\377\000v\000a\000s\000i\000l\000e\116\015\173\111\137\017}{section.8}% 43
\BOOKMARK [1][-]{section.9}{\376\377\000s\000o\000s}{}% 44
\BOOKMARK [2][-]{subsection.9.1}{\376\377\116\000\202\054\145\271\154\325}{section.9}% 45
\BOOKMARK [2][-]{subsection.9.2}{\376\377\117\213\230\230}{section.9}% 46
\BOOKMARK [2][-]{subsection.9.3}{\376\377\116\140\230\230}{section.9}% 47
\BOOKMARK [1][-]{section.10}{\376\377\116\140\230\230}{}% 48
\BOOKMARK [1][-]{section.11}{\376\377\121\166\116\326}{}% 49
\BOOKMARK [2][-]{subsection.11.1}{\376\377\227\136\237\120\153\041\131\032\230\171\137\017}{section.11}% 50
\BOOKMARK [2][-]{subsection.11.2}{\376\377\123\273\150\071\123\367}{section.11}% 51
\BOOKMARK [1][-]{section.12}{\376\377\116\000\116\233\225\356\230\230}{}% 52
\BOOKMARK [2][-]{subsection.12.1}{}{section.12}% 53
\BOOKMARK [2][-]{subsection.12.2}{}{section.12}% 54
\BOOKMARK [2][-]{subsection.12.3}{}{section.12}% 55
\BOOKMARK [2][-]{subsection.12.4}{}{section.12}% 56
\BOOKMARK [2][-]{subsection.12.5}{}{section.12}% 57
\BOOKMARK [2][-]{subsection.12.6}{}{section.12}% 58
\BOOKMARK [2][-]{subsection.12.7}{}{section.12}% 59
\BOOKMARK [2][-]{subsection.12.8}{}{section.12}% 60
\BOOKMARK [2][-]{subsection.12.9}{}{section.12}% 61
\BOOKMARK [2][-]{subsection.12.10}{}{section.12}% 62
\BOOKMARK [2][-]{subsection.12.11}{}{section.12}% 63
\BOOKMARK [2][-]{subsection.12.12}{}{section.12}% 64
\BOOKMARK [2][-]{subsection.12.13}{}{section.12}% 65
\BOOKMARK [2][-]{subsection.12.14}{}{section.12}% 66
\BOOKMARK [2][-]{subsection.12.15}{}{section.12}% 67
\BOOKMARK [2][-]{subsection.12.16}{}{section.12}% 68
\BOOKMARK [2][-]{subsection.12.17}{}{section.12}% 69
\BOOKMARK [2][-]{subsection.12.18}{}{section.12}% 70
