\BOOKMARK [1][-]{section.1}{\376\377\230\204\131\007\167\345\213\306}{}% 1
\BOOKMARK [2][-]{subsection.1.1}{\376\377\147\150\217\211\116\011\211\322}{section.1}% 2
\BOOKMARK [2][-]{subsection.1.2}{\376\377\202\022\134\024\116\015\173\111\137\017}{section.1}% 3
\BOOKMARK [2][-]{subsection.1.3}{}{section.1}% 4
\BOOKMARK [1][-]{section.2}{\376\377\116\214\121\103\174\373\145\160\176\304}{}% 5
\BOOKMARK [2][-]{subsection.2.1}{\376\377\133\232\116\111}{section.2}% 6
\BOOKMARK [2][-]{subsection.2.2}{\376\377\116\214\121\103\174\373\145\160\176\304\166\204\217\320\173\227\140\047\215\050}{section.2}% 7
\BOOKMARK [1][-]{section.3}{\376\377\174\373\145\160\226\065}{}% 8
\BOOKMARK [2][-]{subsection.3.1}{\376\377\133\232\116\111}{section.3}% 9
\BOOKMARK [2][-]{subsection.3.2}{\376\377\174\373\145\160\226\065\166\204\217\320\173\227}{section.3}% 10
\BOOKMARK [2][-]{subsection.3.3}{\376\377\116\140\230\230}{section.3}% 11
\BOOKMARK [1][-]{section.4}{\376\377\173\200\123\125\127\107\120\074\116\015\173\111\137\017}{}% 12
\BOOKMARK [2][-]{subsection.4.1}{\376\377\173\200\123\125\166\204\127\107\120\074\116\015\173\111\137\017}{section.4}% 13
\BOOKMARK [1][-]{section.5}{\376\377\000\040\000\050\000a\000-\000b\000\051\0002\000n\176\323\147\204}{}% 14
\BOOKMARK [2][-]{subsection.5.1}{\376\377\000\040\000\050\000a\000-\000b\000\051\0002\000n}{section.5}% 15
\BOOKMARK [2][-]{subsection.5.2}{\376\377\116\140\230\230}{section.5}% 16
\BOOKMARK [1][-]{section.6}{\376\377\202\022\134\024\116\015\173\111\137\017}{}% 17
\BOOKMARK [2][-]{subsection.6.1}{\376\377\173\200\123\125\166\204\202\022\134\024\116\015\173\111\137\017}{section.6}% 18
\BOOKMARK [2][-]{subsection.6.2}{\376\377\116\000\220\123\230\230}{section.6}% 19
\BOOKMARK [2][-]{subsection.6.3}{\376\377\116\140\230\230}{section.6}% 20
\BOOKMARK [1][-]{section.7}{\376\377\221\115\145\271}{}% 21
\BOOKMARK [2][-]{subsection.7.1}{\376\377\136\163\145\271}{section.7}% 22
\BOOKMARK [2][-]{subsection.7.2}{\376\377\221\115\145\271\154\325\137\025\121\145}{section.7}% 23
\BOOKMARK [1][-]{section.8}{\376\377\116\214\153\041\121\103}{}% 24
\BOOKMARK [2][-]{subsection.8.1}{\376\377\224\210\133\371\123\326\173\111\166\204\133\232\124\021\221\115\145\271}{section.8}% 25
\BOOKMARK [2][-]{subsection.8.2}{\376\377\116\214\153\041\121\103}{section.8}% 26
\BOOKMARK [1][-]{section.9}{\376\377\116\000\116\233\225\356\230\230}{}% 27
\BOOKMARK [2][-]{subsection.9.1}{}{section.9}% 28
\BOOKMARK [2][-]{subsection.9.2}{}{section.9}% 29
