This is pdfTeX, Version 3.14159265-2.6-1.40.21 (TeX Live 2020/W32TeX) (preloaded format=pdflatex 2020.7.29)  20 JUL 2021 12:29
entering extended mode
 restricted \write18 enabled.
 %&-line parsing enabled.
**ç³»æ•°é˜µç¬”è®°.tex
(./ç³»æ•°é˜µç¬”è®°.tex
LaTeX2e <2020-02-02> patch level 5
L3 programming layer <2020-03-06>
(g:/Others/LaTeXall/texlive/2020/texmf-dist/tex/latex/ctex/ctexart.cls
(g:/Others/LaTeXall/texlive/2020/texmf-dist/tex/latex/l3kernel/expl3.sty
Package: expl3 2020-03-06 L3 programming layer (loader) 

(g:/Others/LaTeXall/texlive/2020/texmf-dist/tex/latex/l3backend/l3backend-pdfmo
de.def
File: l3backend-pdfmode.def 2020-03-12 L3 backend support: PDF mode
\l__kernel_color_stack_int=\count167
\l__pdf_internal_box=\box45
))
Document Class: ctexart 2019/05/29 v2.4.16 Chinese adapter for class article (C
TEX)

(g:/Others/LaTeXall/texlive/2020/texmf-dist/tex/latex/l3packages/xparse/xparse.
sty
Package: xparse 2020-03-06 L3 Experimental document command parser
\l__xparse_current_arg_int=\count168
\g__xparse_grabber_int=\count169
\l__xparse_m_args_int=\count170
\l__xparse_v_nesting_int=\count171
)
(g:/Others/LaTeXall/texlive/2020/texmf-dist/tex/latex/l3packages/l3keys2e/l3key
s2e.sty
Package: l3keys2e 2020-03-06 LaTeX2e option processing using LaTeX3 keys
)
(g:/Others/LaTeXall/texlive/2020/texmf-dist/tex/latex/ctex/ctexhook.sty
Package: ctexhook 2019/05/29 v2.4.16 Document and package hooks (CTEX)
)
(g:/Others/LaTeXall/texlive/2020/texmf-dist/tex/latex/ctex/ctexpatch.sty
Package: ctexpatch 2019/05/29 v2.4.16 Patching commands (CTEX)
)
(g:/Others/LaTeXall/texlive/2020/texmf-dist/tex/latex/base/fix-cm.sty
Package: fix-cm 2015/01/14 v1.1t fixes to LaTeX

(g:/Others/LaTeXall/texlive/2020/texmf-dist/tex/latex/base/ts1enc.def
File: ts1enc.def 2001/06/05 v3.0e (jk/car/fm) Standard LaTeX file
LaTeX Font Info:    Redeclaring font encoding TS1 on input line 47.
))
(g:/Others/LaTeXall/texlive/2020/texmf-dist/tex/latex/ms/everysel.sty
Package: everysel 2011/10/28 v1.2 EverySelectfont Package (MS)
)
\l__ctex_tmp_int=\count172
\l__ctex_tmp_box=\box46
\l__ctex_tmp_dim=\dimen134
\g__ctex_section_depth_int=\count173
\g__ctex_font_size_int=\count174

(g:/Others/LaTeXall/texlive/2020/texmf-dist/tex/latex/ctex/config/ctexopts.cfg
File: ctexopts.cfg 2019/05/29 v2.4.16 Option configuration file (CTEX)
) (g:/Others/LaTeXall/texlive/2020/texmf-dist/tex/latex/base/article.cls
Document Class: article 2019/12/20 v1.4l Standard LaTeX document class
(g:/Others/LaTeXall/texlive/2020/texmf-dist/tex/latex/base/size10.clo
File: size10.clo 2019/12/20 v1.4l Standard LaTeX file (size option)
)
\c@part=\count175
\c@section=\count176
\c@subsection=\count177
\c@subsubsection=\count178
\c@paragraph=\count179
\c@subparagraph=\count180
\c@figure=\count181
\c@table=\count182
\abovecaptionskip=\skip47
\belowcaptionskip=\skip48
\bibindent=\dimen135
)
(g:/Others/LaTeXall/texlive/2020/texmf-dist/tex/latex/ctex/engine/ctex-engine-p
dftex.def
File: ctex-engine-pdftex.def 2019/05/29 v2.4.16 (pdf)LaTeX adapter (CTEX)

(g:/Others/LaTeXall/texlive/2020/texmf-dist/tex/latex/cjk/texinput/CJKutf8.sty
Package: CJKutf8 2015/04/18 4.8.4

(g:/Others/LaTeXall/texlive/2020/texmf-dist/tex/generic/iftex/ifpdf.sty
Package: ifpdf 2019/10/25 v3.4 ifpdf legacy package. Use iftex instead.

(g:/Others/LaTeXall/texlive/2020/texmf-dist/tex/generic/iftex/iftex.sty
Package: iftex 2020/03/06 v1.0d TeX engine tests
))
(g:/Others/LaTeXall/texlive/2020/texmf-dist/tex/latex/base/inputenc.sty
Package: inputenc 2018/08/11 v1.3c Input encoding file
\inpenc@prehook=\toks15
\inpenc@posthook=\toks16
)
(g:/Others/LaTeXall/texlive/2020/texmf-dist/tex/latex/cjk/texinput/CJK.sty
Package: CJK 2015/04/18 4.8.4

(g:/Others/LaTeXall/texlive/2020/texmf-dist/tex/latex/cjk/texinput/mule/MULEenc
.sty
Package: MULEenc 2015/04/18 4.8.4
)
(g:/Others/LaTeXall/texlive/2020/texmf-dist/tex/latex/cjk/texinput/CJK.enc
File: CJK.enc 2015/04/18 4.8.4
Now handling font encoding C00 ...
... no UTF-8 mapping file for font encoding C00
Now handling font encoding C05 ...
... no UTF-8 mapping file for font encoding C05
Now handling font encoding C09 ...
... no UTF-8 mapping file for font encoding C09
Now handling font encoding C10 ...
... no UTF-8 mapping file for font encoding C10
Now handling font encoding C20 ...
... no UTF-8 mapping file for font encoding C20
Now handling font encoding C19 ...
... no UTF-8 mapping file for font encoding C19
Now handling font encoding C40 ...
... no UTF-8 mapping file for font encoding C40
Now handling font encoding C42 ...
... no UTF-8 mapping file for font encoding C42
Now handling font encoding C43 ...
... no UTF-8 mapping file for font encoding C43
Now handling font encoding C50 ...
... no UTF-8 mapping file for font encoding C50
Now handling font encoding C52 ...
... no UTF-8 mapping file for font encoding C52
Now handling font encoding C49 ...
... no UTF-8 mapping file for font encoding C49
Now handling font encoding C60 ...
... no UTF-8 mapping file for font encoding C60
Now handling font encoding C61 ...
... no UTF-8 mapping file for font encoding C61
Now handling font encoding C63 ...
... no UTF-8 mapping file for font encoding C63
Now handling font encoding C64 ...
... no UTF-8 mapping file for font encoding C64
Now handling font encoding C65 ...
... no UTF-8 mapping file for font encoding C65
Now handling font encoding C70 ...
... no UTF-8 mapping file for font encoding C70
Now handling font encoding C31 ...
... no UTF-8 mapping file for font encoding C31
Now handling font encoding C32 ...
... no UTF-8 mapping file for font encoding C32
Now handling font encoding C33 ...
... no UTF-8 mapping file for font encoding C33
Now handling font encoding C34 ...
... no UTF-8 mapping file for font encoding C34
Now handling font encoding C35 ...
... no UTF-8 mapping file for font encoding C35
Now handling font encoding C36 ...
... no UTF-8 mapping file for font encoding C36
Now handling font encoding C37 ...
... no UTF-8 mapping file for font encoding C37
Now handling font encoding C80 ...
... no UTF-8 mapping file for font encoding C80
Now handling font encoding C81 ...
... no UTF-8 mapping file for font encoding C81
Now handling font encoding C01 ...
... no UTF-8 mapping file for font encoding C01
Now handling font encoding C11 ...
... no UTF-8 mapping file for font encoding C11
Now handling font encoding C21 ...
... no UTF-8 mapping file for font encoding C21
Now handling font encoding C41 ...
... no UTF-8 mapping file for font encoding C41
Now handling font encoding C62 ...
... no UTF-8 mapping file for font encoding C62
)
LaTeX Info: Redefining \selectfont on input line 755.
\CJK@indent=\box47
)
(g:/Others/LaTeXall/texlive/2020/texmf-dist/tex/latex/base/fontenc.sty
Package: fontenc 2020/02/11 v2.0o Standard LaTeX package
))
(g:/Others/LaTeXall/texlive/2020/texmf-dist/tex/latex/cjkpunct/CJKpunct.sty
Package: CJKpunct 2016/05/14 4.8.4
\CJKpunct@cnta=\count183
\CJKpunct@cntb=\count184
\CJKpunct@cntc=\count185
\CJKpunct@cntd=\count186
\CJKpunct@cnte=\count187
   defining Unicode char U+2018 (decimal 8216)
   defining Unicode char U+2019 (decimal 8217)
   defining Unicode char U+201C (decimal 8220)
   defining Unicode char U+201D (decimal 8221)
   defining Unicode char U+2014 (decimal 8212)
   defining Unicode char U+2026 (decimal 8230)

(g:/Others/LaTeXall/texlive/2020/texmf-dist/tex/latex/cjkpunct/CJKpunct.spa))
(g:/Others/LaTeXall/texlive/2020/texmf-dist/tex/latex/cjk/texinput/CJKspace.sty
Package: CJKspace 2015/04/18 3.8.0
) (g:/Others/LaTeXall/texlive/2020/texmf-dist/tex/latex/ctex/ctexspa.def
File: ctexspa.def 2019/05/29 v2.4.16 Space info for CJKpunct (CTEX)
)
(g:/Others/LaTeXall/texlive/2020/texmf-dist/tex/latex/cjk/texinput/CJKfntef.sty
Package: CJKfntef 2015/04/18 4.8.4
(g:/Others/LaTeXall/texlive/2020/texmf-dist/tex/latex/cjk/texinput/CJKulem.sty
Package: CJKulem 2015/04/18 4.8.4

(g:/Others/LaTeXall/texlive/2020/texmf-dist/tex/generic/ulem/ulem.sty
\UL@box=\box48
\UL@hyphenbox=\box49
\UL@skip=\skip49
\UL@hook=\toks17
\UL@height=\dimen136
\UL@pe=\count188
\UL@pixel=\dimen137
\ULC@box=\box50
Package: ulem 2019/11/18
\ULdepth=\dimen138
)
\UL@lastkern=\dimen139
\CJK@skip=\skip50
)
\CJK@fntefSkip=\skip51
\CJK@nest=\count189
\CJK@fntefDimen=\dimen140
\CJK@underdotBox=\box51
\CJK@ULbox=\box52
\CJK@underanyskip=\dimen141
)
\ccwd=\dimen142
\l__ctex_ccglue_skip=\skip52
)
\l__ctex_ziju_dim=\dimen143

(g:/Others/LaTeXall/texlive/2020/texmf-dist/tex/latex/zhnumber/zhnumber.sty
Package: zhnumber 2019/04/07 v2.7 Typesetting numbers with Chinese glyphs
\l__zhnum_scale_int=\count190
\l__zhnum_byte_min_int=\count191
\l__zhnum_byte_max_int=\count192

(g:/Others/LaTeXall/texlive/2020/texmf-dist/tex/latex/zhnumber/zhnumber-utf8.cf
g
File: zhnumber-utf8.cfg 2019/04/07 v2.7 Chinese numerals with UTF8 encoding
))
\l__ctex_heading_skip=\skip53

(g:/Others/LaTeXall/texlive/2020/texmf-dist/tex/latex/ctex/scheme/ctex-scheme-c
hinese-article.def
File: ctex-scheme-chinese-article.def 2019/05/29 v2.4.16 Chinese scheme for art
icle (CTEX)

(g:/Others/LaTeXall/texlive/2020/texmf-dist/tex/latex/ctex/config/ctex-name-utf
8.cfg
File: ctex-name-utf8.cfg 2019/05/29 v2.4.16 Caption with encoding UTF8 (CTEX)
))
(g:/Others/LaTeXall/texlive/2020/texmf-dist/tex/latex/ctex/ctex-c5size.clo
File: ctex-c5size.clo 2019/05/29 v2.4.16 c5size option (CTEX)
)
(g:/Others/LaTeXall/texlive/2020/texmf-dist/tex/latex/ctex/fontset/ctex-fontset
-windows.def
File: ctex-fontset-windows.def 2019/05/29 v2.4.16 Windows fonts definition (CTE
X)

(g:/Others/LaTeXall/texlive/2020/texmf-dist/tex/latex/ctex/fontset/ctex-fontset
-windowsnew.def
File: ctex-fontset-windowsnew.def 2019/05/29 v2.4.16 Windows fonts definition f
or Vista or later version (CTEX)

(g:/Others/LaTeXall/texlive/2020/texmf-dist/tex/generic/ctex/zhwindowsfonts.tex
File: zhwindowsfonts.tex 2019/05/29 v2.4.16 Windows font map loader for pdfTeX 
and DVIPDFMx (CTEX)
{g:/Others/LaTeXall/texlive/2020/texmf-var/fonts/map/pdftex/updmap/pdftex.map}{
UGBK.sfd}{Unicode.sfd}))))
(g:/Others/LaTeXall/texlive/2020/texmf-dist/tex/latex/ctex/config/ctex.cfg
File: ctex.cfg 2019/05/29 v2.4.16 Configuration file (CTEX)
)
(g:/Others/LaTeXall/texlive/2020/texmf-dist/tex/latex/abstract/abstract.sty
Package: abstract 2009/06/08 v1.2a configurable abstracts
\abstitleskip=\skip54
\absleftindent=\skip55
\absrightindent=\skip56
\absparindent=\skip57
\absparsep=\skip58
)
(g:/Others/LaTeXall/texlive/2020/texmf-dist/tex/latex/lettrine/lettrine.sty
File: lettrine.sty 2020-03-14 v2.23 (Daniel Flipo)

(g:/Others/LaTeXall/texlive/2020/texmf-dist/tex/latex/graphics/keyval.sty
Package: keyval 2014/10/28 v1.15 key=value parser (DPC)
\KV@toks@=\toks18
)
(g:/Others/LaTeXall/texlive/2020/texmf-dist/tex/generic/minifp/minifp.sty
Package: minifp 2013/12/30 v0.96. Macros for real number operations and a stack
-based programing language.
\MFP@loopctr=\count193
)
\c@DefaultLines=\count194
\c@DefaultDepth=\count195
\DefaultFindent=\dimen144
\DefaultNindent=\dimen145
\DefaultSlope=\dimen146
\DiscardVskip=\dimen147
\L@lbox=\box53
\L@tbox=\box54
\c@L@lines=\count196
\c@L@depth=\count197
\L@Pindent=\dimen148
\L@Findent=\dimen149
\L@Nindent=\dimen150
\L@lraise=\dimen151
\L@first=\dimen152
\L@next=\dimen153
\L@slope=\dimen154
\L@height=\dimen155
\L@novskip=\dimen156
\L@target@ht=\dimen157
\L@target@dp=\dimen158
\L@target@tht=\dimen159
\LettrineWidth=\dimen160
\LettrineHeight=\dimen161
\LettrineDepth=\dimen162
\Llist@everypar=\toks19

Loading lettrine.cfg
(g:/Others/LaTeXall/texlive/2020/texmf-dist/tex/latex/lettrine/lettrine.cfg))
(g:/Others/LaTeXall/texlive/2020/texmf-dist/tex/latex/tools/multicol.sty
Package: multicol 2019/12/09 v1.8y multicolumn formatting (FMi)
\c@tracingmulticols=\count198
\mult@box=\box55
\multicol@leftmargin=\dimen163
\c@unbalance=\count199
\c@collectmore=\count266
\doublecol@number=\count267
\multicoltolerance=\count268
\multicolpretolerance=\count269
\full@width=\dimen164
\page@free=\dimen165
\premulticols=\dimen166
\postmulticols=\dimen167
\multicolsep=\skip59
\multicolbaselineskip=\skip60
\partial@page=\box56
\last@line=\box57
\maxbalancingoverflow=\dimen168
\mult@rightbox=\box58
\mult@grightbox=\box59
\mult@gfirstbox=\box60
\mult@firstbox=\box61
\@tempa=\box62
\@tempa=\box63
\@tempa=\box64
\@tempa=\box65
\@tempa=\box66
\@tempa=\box67
\@tempa=\box68
\@tempa=\box69
\@tempa=\box70
\@tempa=\box71
\@tempa=\box72
\@tempa=\box73
\@tempa=\box74
\@tempa=\box75
\@tempa=\box76
\@tempa=\box77
\@tempa=\box78
\@tempa=\box79
\@tempa=\box80
\@tempa=\box81
\@tempa=\box82
\@tempa=\box83
\@tempa=\box84
\@tempa=\box85
\@tempa=\box86
\@tempa=\box87
\@tempa=\box88
\@tempa=\box89
\@tempa=\box90
\@tempa=\box91
\@tempa=\box92
\@tempa=\box93
\@tempa=\box94
\@tempa=\box95
\@tempa=\box96
\@tempa=\box97
\@tempa=\box98
\c@minrows=\count270
\c@columnbadness=\count271
\c@finalcolumnbadness=\count272
\last@try=\dimen169
\multicolovershoot=\dimen170
\multicolundershoot=\dimen171
\mult@nat@firstbox=\box99
\colbreak@box=\box100
\mc@col@check@num=\count273
)
(g:/Others/LaTeXall/texlive/2020/texmf-dist/tex/latex/cite/cite.sty
LaTeX Info: Redefining \cite on input line 302.
LaTeX Info: Redefining \nocite on input line 332.
Package: cite 2015/02/27  v 5.5
)
(g:/Others/LaTeXall/texlive/2020/texmf-dist/tex/latex/mathtools/mathtools.sty
Package: mathtools 2020/03/24 v1.24 mathematical typesetting tools

(g:/Others/LaTeXall/texlive/2020/texmf-dist/tex/latex/tools/calc.sty
Package: calc 2017/05/25 v4.3 Infix arithmetic (KKT,FJ)
\calc@Acount=\count274
\calc@Bcount=\count275
\calc@Adimen=\dimen172
\calc@Bdimen=\dimen173
\calc@Askip=\skip61
\calc@Bskip=\skip62
LaTeX Info: Redefining \setlength on input line 80.
LaTeX Info: Redefining \addtolength on input line 81.
\calc@Ccount=\count276
\calc@Cskip=\skip63
)
(g:/Others/LaTeXall/texlive/2020/texmf-dist/tex/latex/mathtools/mhsetup.sty
Package: mhsetup 2017/03/31 v1.3 programming setup (MH)
)
(g:/Others/LaTeXall/texlive/2020/texmf-dist/tex/latex/amsmath/amsmath.sty
Package: amsmath 2020/01/20 v2.17e AMS math features
\@mathmargin=\skip64

For additional information on amsmath, use the `?' option.
(g:/Others/LaTeXall/texlive/2020/texmf-dist/tex/latex/amsmath/amstext.sty
Package: amstext 2000/06/29 v2.01 AMS text

(g:/Others/LaTeXall/texlive/2020/texmf-dist/tex/latex/amsmath/amsgen.sty
File: amsgen.sty 1999/11/30 v2.0 generic functions
\@emptytoks=\toks20
\ex@=\dimen174
))
(g:/Others/LaTeXall/texlive/2020/texmf-dist/tex/latex/amsmath/amsbsy.sty
Package: amsbsy 1999/11/29 v1.2d Bold Symbols
\pmbraise@=\dimen175
)
(g:/Others/LaTeXall/texlive/2020/texmf-dist/tex/latex/amsmath/amsopn.sty
Package: amsopn 2016/03/08 v2.02 operator names
)
\inf@bad=\count277
LaTeX Info: Redefining \frac on input line 227.
\uproot@=\count278
\leftroot@=\count279
LaTeX Info: Redefining \overline on input line 389.
\classnum@=\count280
\DOTSCASE@=\count281
LaTeX Info: Redefining \ldots on input line 486.
LaTeX Info: Redefining \dots on input line 489.
LaTeX Info: Redefining \cdots on input line 610.
\Mathstrutbox@=\box101
\strutbox@=\box102
\big@size=\dimen176
LaTeX Font Info:    Redeclaring font encoding OML on input line 733.
LaTeX Font Info:    Redeclaring font encoding OMS on input line 734.
\macc@depth=\count282
\c@MaxMatrixCols=\count283
\dotsspace@=\muskip16
\c@parentequation=\count284
\dspbrk@lvl=\count285
\tag@help=\toks21
\row@=\count286
\column@=\count287
\maxfields@=\count288
\andhelp@=\toks22
\eqnshift@=\dimen177
\alignsep@=\dimen178
\tagshift@=\dimen179
\tagwidth@=\dimen180
\totwidth@=\dimen181
\lineht@=\dimen182
\@envbody=\toks23
\multlinegap=\skip65
\multlinetaggap=\skip66
\mathdisplay@stack=\toks24
LaTeX Info: Redefining \[ on input line 2859.
LaTeX Info: Redefining \] on input line 2860.
)
LaTeX Info: Thecontrolsequence`\('isalreadyrobust on input line 130.
LaTeX Info: Thecontrolsequence`\)'isalreadyrobust on input line 130.
LaTeX Info: Thecontrolsequence`\['isalreadyrobust on input line 130.
LaTeX Info: Thecontrolsequence`\]'isalreadyrobust on input line 130.
\g_MT_multlinerow_int=\count289
\l_MT_multwidth_dim=\dimen183
\origjot=\skip67
\l_MT_shortvdotswithinadjustabove_dim=\dimen184
\l_MT_shortvdotswithinadjustbelow_dim=\dimen185
\l_MT_above_intertext_sep=\dimen186
\l_MT_below_intertext_sep=\dimen187
\l_MT_above_shortintertext_sep=\dimen188
\l_MT_below_shortintertext_sep=\dimen189
\xmathstrut@box=\box103
\xmathstrut@dim=\dimen190
)
(g:/Others/LaTeXall/texlive/2020/texmf-dist/tex/latex/graphics/graphicx.sty
Package: graphicx 2019/11/30 v1.2a Enhanced LaTeX Graphics (DPC,SPQR)

(g:/Others/LaTeXall/texlive/2020/texmf-dist/tex/latex/graphics/graphics.sty
Package: graphics 2019/11/30 v1.4a Standard LaTeX Graphics (DPC,SPQR)

(g:/Others/LaTeXall/texlive/2020/texmf-dist/tex/latex/graphics/trig.sty
Package: trig 2016/01/03 v1.10 sin cos tan (DPC)
)
(g:/Others/LaTeXall/texlive/2020/texmf-dist/tex/latex/graphics-cfg/graphics.cfg
File: graphics.cfg 2016/06/04 v1.11 sample graphics configuration
)
Package graphics Info: Driver file: pdftex.def on input line 105.
 (g:/Others/LaTeXall/texlive/2020/texmf-dist/tex/latex/graphics-def/pdftex.def
File: pdftex.def 2018/01/08 v1.0l Graphics/color driver for pdftex
))
\Gin@req@height=\dimen191
\Gin@req@width=\dimen192
)
(g:/Others/LaTeXall/texlive/2020/texmf-dist/tex/latex/subfigure/subfigure.sty
Package: subfigure 2002/03/15 v2.1.5 subfigure package
\subfigtopskip=\skip68
\subfigcapskip=\skip69
\subfigcaptopadj=\dimen193
\subfigbottomskip=\skip70
\subfigcapmargin=\dimen194
\subfiglabelskip=\skip71
\c@subfigure=\count290
\c@lofdepth=\count291
\c@subtable=\count292
\c@lotdepth=\count293

****************************************
* Local config file subfigure.cfg used *
****************************************
(g:/Others/LaTeXall/texlive/2020/texmf-dist/tex/latex/subfigure/subfigure.cfg)
\subfig@top=\skip72
\subfig@bottom=\skip73
) (g:/Others/LaTeXall/texlive/2020/texmf-dist/tex/latex/caption/caption.sty
Package: caption 2020/01/03 v3.4h Customizing captions (AR)

(g:/Others/LaTeXall/texlive/2020/texmf-dist/tex/latex/caption/caption3.sty
Package: caption3 2020/01/03 v1.8h caption3 kernel (AR)
Package caption3 Info: TeX engine: e-TeX on input line 61.
\captionmargin=\dimen195
\captionmargin@=\dimen196
\captionwidth=\dimen197
\caption@tempdima=\dimen198
\caption@indent=\dimen199
\caption@parindent=\dimen256
\caption@hangindent=\dimen257
Package caption Info: Standard document class detected.
)
\c@caption@flags=\count294
\c@continuedfloat=\count295
Package caption Info: subfigure package is loaded.
)
(g:/Others/LaTeXall/texlive/2020/texmf-dist/tex/latex/booktabs/booktabs.sty
Package: booktabs 2020/01/12 v1.61803398 Publication quality tables
\heavyrulewidth=\dimen258
\lightrulewidth=\dimen259
\cmidrulewidth=\dimen260
\belowrulesep=\dimen261
\belowbottomsep=\dimen262
\aboverulesep=\dimen263
\abovetopsep=\dimen264
\cmidrulesep=\dimen265
\cmidrulekern=\dimen266
\defaultaddspace=\dimen267
\@cmidla=\count296
\@cmidlb=\count297
\@aboverulesep=\dimen268
\@belowrulesep=\dimen269
\@thisruleclass=\count298
\@lastruleclass=\count299
\@thisrulewidth=\dimen270
)
(g:/Others/LaTeXall/texlive/2020/texmf-dist/tex/latex/multirow/multirow.sty
Package: multirow 2019/05/31 v2.5 Span multiple rows of a table
\multirow@colwidth=\skip74
\multirow@cntb=\count300
\multirow@dima=\skip75
\bigstrutjot=\dimen271
)
(g:/Others/LaTeXall/texlive/2020/texmf-dist/tex/latex/diagbox/diagbox.sty
Package: diagbox 2020/02/09 v2.3 Making table heads with diagonal lines

(g:/Others/LaTeXall/texlive/2020/texmf-dist/tex/latex/pict2e/pict2e.sty
Package: pict2e 2019/08/20 v0.3c Improved picture commands (HjG,RN,JT)

(g:/Others/LaTeXall/texlive/2020/texmf-dist/tex/latex/pict2e/pict2e.cfg
File: pict2e.cfg 2016/02/05 v0.1u pict2e configuration for teTeX/TeXLive
)
Package pict2e Info: Driver file: pdftex.def on input line 119.
Package pict2e Info: Driver file for pict2e: p2e-pdftex.def on input line 121.

(g:/Others/LaTeXall/texlive/2020/texmf-dist/tex/latex/pict2e/p2e-pdftex.def
File: p2e-pdftex.def 2016/02/05 v0.1u Driver-dependant file (RN,HjG,JT)
)
\pIIe@GRAPH=\toks25
\@arclen=\dimen272
\@arcrad=\dimen273
\@tempdimd=\dimen274
)
(g:/Others/LaTeXall/texlive/2020/texmf-dist/tex/latex/tools/array.sty
Package: array 2019/08/31 v2.4l Tabular extension package (FMi)
\col@sep=\dimen275
\ar@mcellbox=\box104
\extrarowheight=\dimen276
\NC@list=\toks26
\extratabsurround=\skip76
\backup@length=\skip77
\ar@cellbox=\box105
)
\diagbox@boxa=\box106
\diagbox@boxb=\box107
\diagbox@boxm=\box108
\diagbox@wd=\dimen277
\diagbox@ht=\dimen278
\diagbox@insepl=\dimen279
\diagbox@insepr=\dimen280
\diagbox@outsepl=\dimen281
\diagbox@outsepr=\dimen282
)
(g:/Others/LaTeXall/texlive/2020/texmf-dist/tex/latex/makecell/makecell.sty
Package: makecell 2009/08/03 V0.1e Managing of Tab Column Heads and Cells
\rotheadsize=\dimen283
\c@nlinenum=\count301
\TeXr@lab=\toks27
)
(g:/Others/LaTeXall/texlive/2020/texmf-dist/tex/latex/placeins/placeins.sty
Package: placeins 2005/04/18  v 2.2
)
(g:/Others/LaTeXall/texlive/2020/texmf-dist/tex/latex/float/float.sty
Package: float 2001/11/08 v1.3d Float enhancements (AL)
\c@float@type=\count302
\float@exts=\toks28
\float@box=\box109
\@float@everytoks=\toks29
\@floatcapt=\box110
)
(g:/Others/LaTeXall/texlive/2020/texmf-dist/tex/latex/geometry/geometry.sty
Package: geometry 2020/01/02 v5.9 Page Geometry

(g:/Others/LaTeXall/texlive/2020/texmf-dist/tex/generic/iftex/ifvtex.sty
Package: ifvtex 2019/10/25 v1.7 ifvtex legacy package. Use iftex instead.
)
\Gm@cnth=\count303
\Gm@cntv=\count304
\c@Gm@tempcnt=\count305
\Gm@bindingoffset=\dimen284
\Gm@wd@mp=\dimen285
\Gm@odd@mp=\dimen286
\Gm@even@mp=\dimen287
\Gm@layoutwidth=\dimen288
\Gm@layoutheight=\dimen289
\Gm@layouthoffset=\dimen290
\Gm@layoutvoffset=\dimen291
\Gm@dimlist=\toks30
)
(g:/Others/LaTeXall/texlive/2020/texmf-dist/tex/latex/amsfonts/amssymb.sty
Package: amssymb 2013/01/14 v3.01 AMS font symbols

(g:/Others/LaTeXall/texlive/2020/texmf-dist/tex/latex/amsfonts/amsfonts.sty
Package: amsfonts 2013/01/14 v3.01 Basic AMSFonts support
\symAMSa=\mathgroup4
\symAMSb=\mathgroup5
LaTeX Font Info:    Redeclaring math symbol \hbar on input line 98.
LaTeX Font Info:    Overwriting math alphabet `\mathfrak' in version `bold'
(Font)                  U/euf/m/n --> U/euf/b/n on input line 106.
))
(g:/Others/LaTeXall/texlive/2020/texmf-dist/tex/latex/xcolor/xcolor.sty
Package: xcolor 2016/05/11 v2.12 LaTeX color extensions (UK)

(g:/Others/LaTeXall/texlive/2020/texmf-dist/tex/latex/graphics-cfg/color.cfg
File: color.cfg 2016/01/02 v1.6 sample color configuration
)
Package xcolor Info: Driver file: pdftex.def on input line 225.
Package xcolor Info: Model `cmy' substituted by `cmy0' on input line 1348.
Package xcolor Info: Model `hsb' substituted by `rgb' on input line 1352.
Package xcolor Info: Model `RGB' extended on input line 1364.
Package xcolor Info: Model `HTML' substituted by `rgb' on input line 1366.
Package xcolor Info: Model `Hsb' substituted by `hsb' on input line 1367.
Package xcolor Info: Model `tHsb' substituted by `hsb' on input line 1368.
Package xcolor Info: Model `HSB' substituted by `hsb' on input line 1369.
Package xcolor Info: Model `Gray' substituted by `gray' on input line 1370.
Package xcolor Info: Model `wave' substituted by `hsb' on input line 1371.
)
(g:/Others/LaTeXall/texlive/2020/texmf-dist/tex/latex/soul/soul.sty
Package: soul 2003/11/17 v2.4 letterspacing/underlining (mf)
\SOUL@word=\toks31
\SOUL@lasttoken=\toks32
\SOUL@cmds=\toks33
\SOUL@buffer=\toks34
\SOUL@token=\toks35
\SOUL@spaceskip=\skip78
\SOUL@ttwidth=\dimen292
\SOUL@uldp=\dimen293
\SOUL@ulht=\dimen294
)
(g:/Others/LaTeXall/texlive/2020/texmf-dist/tex/latex/graphics/rotating.sty
Package: rotating 2016/08/11 v2.16d rotated objects in LaTeX

(g:/Others/LaTeXall/texlive/2020/texmf-dist/tex/latex/base/ifthen.sty
Package: ifthen 2014/09/29 v1.1c Standard LaTeX ifthen package (DPC)
)
\c@r@tfl@t=\count306
\rotFPtop=\skip79
\rotFPbot=\skip80
\rot@float@box=\box111
\rot@mess@toks=\toks36
)
(g:/Others/LaTeXall/texlive/2020/texmf-dist/tex/latex/hyperref/hyperref.sty
Package: hyperref 2020/01/14 v7.00d Hypertext links for LaTeX

(g:/Others/LaTeXall/texlive/2020/texmf-dist/tex/generic/ltxcmds/ltxcmds.sty
Package: ltxcmds 2019/12/15 v1.24 LaTeX kernel commands for general use (HO)
)
(g:/Others/LaTeXall/texlive/2020/texmf-dist/tex/latex/pdftexcmds/pdftexcmds.sty
Package: pdftexcmds 2019/11/24 v0.31 Utility functions of pdfTeX for LuaTeX (HO
)

(g:/Others/LaTeXall/texlive/2020/texmf-dist/tex/generic/infwarerr/infwarerr.sty
Package: infwarerr 2019/12/03 v1.5 Providing info/warning/error messages (HO)
)
Package pdftexcmds Info: \pdf@primitive is available.
Package pdftexcmds Info: \pdf@ifprimitive is available.
Package pdftexcmds Info: \pdfdraftmode found.
)
(g:/Others/LaTeXall/texlive/2020/texmf-dist/tex/generic/kvsetkeys/kvsetkeys.sty
Package: kvsetkeys 2019/12/15 v1.18 Key value parser (HO)
)
(g:/Others/LaTeXall/texlive/2020/texmf-dist/tex/generic/kvdefinekeys/kvdefineke
ys.sty
Package: kvdefinekeys 2019-12-19 v1.6 Define keys (HO)
)
(g:/Others/LaTeXall/texlive/2020/texmf-dist/tex/generic/pdfescape/pdfescape.sty
Package: pdfescape 2019/12/09 v1.15 Implements pdfTeX's escape features (HO)
) (g:/Others/LaTeXall/texlive/2020/texmf-dist/tex/latex/hycolor/hycolor.sty
Package: hycolor 2020-01-27 v1.10 Color options for hyperref/bookmark (HO)
)
(g:/Others/LaTeXall/texlive/2020/texmf-dist/tex/latex/letltxmacro/letltxmacro.s
ty
Package: letltxmacro 2019/12/03 v1.6 Let assignment for LaTeX macros (HO)
) (g:/Others/LaTeXall/texlive/2020/texmf-dist/tex/latex/auxhook/auxhook.sty
Package: auxhook 2019-12-17 v1.6 Hooks for auxiliary files (HO)
)
(g:/Others/LaTeXall/texlive/2020/texmf-dist/tex/latex/kvoptions/kvoptions.sty
Package: kvoptions 2019/11/29 v3.13 Key value format for package options (HO)
)
\@linkdim=\dimen295
\Hy@linkcounter=\count307
\Hy@pagecounter=\count308

(g:/Others/LaTeXall/texlive/2020/texmf-dist/tex/latex/hyperref/pd1enc.def
File: pd1enc.def 2020/01/14 v7.00d Hyperref: PDFDocEncoding definition (HO)
Now handling font encoding PD1 ...
... no UTF-8 mapping file for font encoding PD1
)
(g:/Others/LaTeXall/texlive/2020/texmf-dist/tex/generic/intcalc/intcalc.sty
Package: intcalc 2019/12/15 v1.3 Expandable calculations with integers (HO)
)
(g:/Others/LaTeXall/texlive/2020/texmf-dist/tex/generic/etexcmds/etexcmds.sty
Package: etexcmds 2019/12/15 v1.7 Avoid name clashes with e-TeX commands (HO)
)
\Hy@SavedSpaceFactor=\count309
Package hyperref Info: Option `unicode' set `true' on input line 4421.

(g:/Others/LaTeXall/texlive/2020/texmf-dist/tex/latex/hyperref/puenc.def
File: puenc.def 2020/01/14 v7.00d Hyperref: PDF Unicode definition (HO)
Now handling font encoding PU ...
... no UTF-8 mapping file for font encoding PU
)
Package hyperref Info: Hyper figures OFF on input line 4547.
Package hyperref Info: Link nesting OFF on input line 4552.
Package hyperref Info: Hyper index ON on input line 4555.
Package hyperref Info: Plain pages OFF on input line 4562.
Package hyperref Info: Backreferencing OFF on input line 4567.
Package hyperref Info: Implicit mode ON; LaTeX internals redefined.
Package hyperref Info: Bookmarks ON on input line 4800.
\c@Hy@tempcnt=\count310

(g:/Others/LaTeXall/texlive/2020/texmf-dist/tex/latex/url/url.sty
\Urlmuskip=\muskip17
Package: url 2013/09/16  ver 3.4  Verb mode for urls, etc.
)
LaTeX Info: Redefining \url on input line 5159.
\XeTeXLinkMargin=\dimen296

(g:/Others/LaTeXall/texlive/2020/texmf-dist/tex/generic/bitset/bitset.sty
Package: bitset 2019/12/09 v1.3 Handle bit-vector datatype (HO)

(g:/Others/LaTeXall/texlive/2020/texmf-dist/tex/generic/bigintcalc/bigintcalc.s
ty
Package: bigintcalc 2019/12/15 v1.5 Expandable calculations on big integers (HO
)
))
\Fld@menulength=\count311
\Field@Width=\dimen297
\Fld@charsize=\dimen298
Package hyperref Info: Hyper figures OFF on input line 6430.
Package hyperref Info: Link nesting OFF on input line 6435.
Package hyperref Info: Hyper index ON on input line 6438.
Package hyperref Info: backreferencing OFF on input line 6445.
Package hyperref Info: Link coloring OFF on input line 6450.
Package hyperref Info: Link coloring with OCG OFF on input line 6455.
Package hyperref Info: PDF/A mode OFF on input line 6460.
LaTeX Info: Redefining \ref on input line 6500.
LaTeX Info: Redefining \pageref on input line 6504.

(g:/Others/LaTeXall/texlive/2020/texmf-dist/tex/generic/atbegshi/atbegshi.sty
Package: atbegshi 2019/12/05 v1.19 At begin shipout hook (HO)
)
\Hy@abspage=\count312
\c@Item=\count313
\c@Hfootnote=\count314
)
Package hyperref Info: Driver (autodetected): hpdftex.
(g:/Others/LaTeXall/texlive/2020/texmf-dist/tex/latex/hyperref/hpdftex.def
File: hpdftex.def 2020/01/14 v7.00d Hyperref driver for pdfTeX

(g:/Others/LaTeXall/texlive/2020/texmf-dist/tex/latex/atveryend/atveryend.sty
Package: atveryend 2019-12-11 v1.11 Hooks at the very end of document (HO)
Package atveryend Info: \enddocument detected (standard20110627).
)
\Fld@listcount=\count315
\c@bookmark@seq@number=\count316

(g:/Others/LaTeXall/texlive/2020/texmf-dist/tex/latex/rerunfilecheck/rerunfilec
heck.sty
Package: rerunfilecheck 2019/12/05 v1.9 Rerun checks for auxiliary files (HO)

(g:/Others/LaTeXall/texlive/2020/texmf-dist/tex/generic/uniquecounter/uniquecou
nter.sty
Package: uniquecounter 2019/12/15 v1.4 Provide unlimited unique counter (HO)
)
Package uniquecounter Info: New unique counter `rerunfilecheck' on input line 2
86.
)
\Hy@SectionHShift=\skip81
)
(g:/Others/LaTeXall/texlive/2020/texmf-dist/tex/latex/cjk/texinput/UTF8/UTF8.bd
g
File: UTF8.bdg 2015/04/18 4.8.4
)
(g:/Others/LaTeXall/texlive/2020/texmf-dist/tex/latex/cjk/texinput/UTF8/UTF8.en
c
File: UTF8.enc 2015/04/18 4.8.4
)
(g:/Others/LaTeXall/texlive/2020/texmf-dist/tex/latex/cjk/texinput/UTF8/UTF8.ch
r
File: UTF8.chr 2015/04/18 4.8.4
) (./ç³»æ•°é˜µç¬”è®°.aux)
\openout1 = `ç³»æ•°é˜µç¬”è®°.aux'.

LaTeX Font Info:    Checking defaults for OML/cmm/m/it on input line 67.
LaTeX Font Info:    ... okay on input line 67.
LaTeX Font Info:    Checking defaults for OMS/cmsy/m/n on input line 67.
LaTeX Font Info:    ... okay on input line 67.
LaTeX Font Info:    Checking defaults for OT1/cmr/m/n on input line 67.
LaTeX Font Info:    ... okay on input line 67.
LaTeX Font Info:    Checking defaults for T1/cmr/m/n on input line 67.
LaTeX Font Info:    ... okay on input line 67.
LaTeX Font Info:    Checking defaults for TS1/cmr/m/n on input line 67.
LaTeX Font Info:    ... okay on input line 67.
LaTeX Font Info:    Checking defaults for OMX/cmex/m/n on input line 67.
LaTeX Font Info:    ... okay on input line 67.
LaTeX Font Info:    Checking defaults for U/cmr/m/n on input line 67.
LaTeX Font Info:    ... okay on input line 67.
LaTeX Font Info:    Checking defaults for C00/song/m/n on input line 67.
LaTeX Font Info:    ... okay on input line 67.
LaTeX Font Info:    Checking defaults for C05/song/m/n on input line 67.
LaTeX Font Info:    ... okay on input line 67.
LaTeX Font Info:    Checking defaults for C09/song/m/n on input line 67.
LaTeX Font Info:    ... okay on input line 67.
LaTeX Font Info:    Checking defaults for C10/song/m/n on input line 67.
LaTeX Font Info:    ... okay on input line 67.
LaTeX Font Info:    Checking defaults for C20/song/m/n on input line 67.
LaTeX Font Info:    ... okay on input line 67.
LaTeX Font Info:    Checking defaults for C19/song/m/n on input line 67.
LaTeX Font Info:    ... okay on input line 67.
LaTeX Font Info:    Checking defaults for C40/song/m/n on input line 67.
LaTeX Font Info:    ... okay on input line 67.
LaTeX Font Info:    Checking defaults for C42/song/m/n on input line 67.
LaTeX Font Info:    ... okay on input line 67.
LaTeX Font Info:    Checking defaults for C43/song/m/n on input line 67.
LaTeX Font Info:    ... okay on input line 67.
LaTeX Font Info:    Checking defaults for C50/song/m/n on input line 67.
LaTeX Font Info:    ... okay on input line 67.
LaTeX Font Info:    Checking defaults for C52/song/m/n on input line 67.
LaTeX Font Info:    ... okay on input line 67.
LaTeX Font Info:    Checking defaults for C49/song/m/n on input line 67.
LaTeX Font Info:    ... okay on input line 67.
LaTeX Font Info:    Checking defaults for C60/mj/m/n on input line 67.
LaTeX Font Info:    ... okay on input line 67.
LaTeX Font Info:    Checking defaults for C61/mj/m/n on input line 67.
LaTeX Font Info:    ... okay on input line 67.
LaTeX Font Info:    Checking defaults for C63/mj/m/n on input line 67.
LaTeX Font Info:    ... okay on input line 67.
LaTeX Font Info:    Checking defaults for C64/mj/m/n on input line 67.
LaTeX Font Info:    ... okay on input line 67.
LaTeX Font Info:    Checking defaults for C65/mj/m/n on input line 67.
LaTeX Font Info:    ... okay on input line 67.
LaTeX Font Info:    Checking defaults for C70/song/m/n on input line 67.
LaTeX Font Info:    ... okay on input line 67.
LaTeX Font Info:    Checking defaults for C31/song/m/n on input line 67.
LaTeX Font Info:    ... okay on input line 67.
LaTeX Font Info:    Checking defaults for C32/song/m/n on input line 67.
LaTeX Font Info:    ... okay on input line 67.
LaTeX Font Info:    Checking defaults for C33/song/m/n on input line 67.
LaTeX Font Info:    ... okay on input line 67.
LaTeX Font Info:    Checking defaults for C34/song/m/n on input line 67.
LaTeX Font Info:    ... okay on input line 67.
LaTeX Font Info:    Checking defaults for C35/song/m/n on input line 67.
LaTeX Font Info:    ... okay on input line 67.
LaTeX Font Info:    Checking defaults for C36/song/m/n on input line 67.
LaTeX Font Info:    ... okay on input line 67.
LaTeX Font Info:    Checking defaults for C37/song/m/n on input line 67.
LaTeX Font Info:    ... okay on input line 67.
LaTeX Font Info:    Checking defaults for C80/song/m/n on input line 67.
LaTeX Font Info:    ... okay on input line 67.
LaTeX Font Info:    Checking defaults for C81/song/m/n on input line 67.
LaTeX Font Info:    ... okay on input line 67.
LaTeX Font Info:    Checking defaults for C01/song/m/n on input line 67.
LaTeX Font Info:    ... okay on input line 67.
LaTeX Font Info:    Checking defaults for C11/song/m/n on input line 67.
LaTeX Font Info:    ... okay on input line 67.
LaTeX Font Info:    Checking defaults for C21/song/m/n on input line 67.
LaTeX Font Info:    ... okay on input line 67.
LaTeX Font Info:    Checking defaults for C41/song/m/n on input line 67.
LaTeX Font Info:    ... okay on input line 67.
LaTeX Font Info:    Checking defaults for C62/song/m/n on input line 67.
LaTeX Font Info:    ... okay on input line 67.
LaTeX Font Info:    Checking defaults for PD1/pdf/m/n on input line 67.
LaTeX Font Info:    ... okay on input line 67.
LaTeX Font Info:    Checking defaults for PU/pdf/m/n on input line 67.
LaTeX Font Info:    ... okay on input line 67.
 ABD: EverySelectfont initializing macros
LaTeX Info: Redefining \selectfont on input line 67.

(g:/Others/LaTeXall/texlive/2020/texmf-dist/tex/context/base/mkii/supp-pdf.mkii
[Loading MPS to PDF converter (version 2006.09.02).]
\scratchcounter=\count317
\scratchdimen=\dimen299
\scratchbox=\box112
\nofMPsegments=\count318
\nofMParguments=\count319
\everyMPshowfont=\toks37
\MPscratchCnt=\count320
\MPscratchDim=\dimen300
\MPnumerator=\count321
\makeMPintoPDFobject=\count322
\everyMPtoPDFconversion=\toks38
)
(g:/Others/LaTeXall/texlive/2020/texmf-dist/tex/latex/epstopdf-pkg/epstopdf-bas
e.sty
Package: epstopdf-base 2020-01-24 v2.11 Base part for package epstopdf
Package epstopdf-base Info: Redefining graphics rule for `.eps' on input line 4
85.

(g:/Others/LaTeXall/texlive/2020/texmf-dist/tex/latex/latexconfig/epstopdf-sys.
cfg
File: epstopdf-sys.cfg 2010/07/13 v1.3 Configuration of (r)epstopdf for TeX Liv
e
))
Package caption Info: Begin \AtBeginDocument code.
Package caption Info: float package is loaded.
Package caption Info: hyperref package is loaded.
Package caption Info: rotating package is loaded.
Package caption Info: End \AtBeginDocument code.

*geometry* driver: auto-detecting
*geometry* detected driver: pdftex
*geometry* verbose mode - [ preamble ] result:
* driver: pdftex
* paper: <default>
* layout: <same size as paper>
* layoutoffset:(h,v)=(0.0pt,0.0pt)
* modes: 
* h-part:(L,W,R)=(92.14519pt, 430.00462pt, 92.14519pt)
* v-part:(T,H,B)=(95.39737pt, 556.47656pt, 143.09605pt)
* \paperwidth=614.295pt
* \paperheight=794.96999pt
* \textwidth=430.00462pt
* \textheight=556.47656pt
* \oddsidemargin=19.8752pt
* \evensidemargin=19.8752pt
* \topmargin=-13.87262pt
* \headheight=12.0pt
* \headsep=25.0pt
* \topskip=10.0pt
* \footskip=30.0pt
* \marginparwidth=65.0pt
* \marginparsep=11.0pt
* \columnsep=10.0pt
* \skip\footins=9.0pt plus 4.0pt minus 2.0pt
* \hoffset=0.0pt
* \voffset=0.0pt
* \mag=1000
* \@twocolumnfalse
* \@twosidefalse
* \@mparswitchfalse
* \@reversemarginfalse
* (1in=72.27pt=25.4mm, 1cm=28.453pt)

\AtBeginShipoutBox=\box113
Package hyperref Info: Link coloring OFF on input line 67.
(g:/Others/LaTeXall/texlive/2020/texmf-dist/tex/latex/hyperref/nameref.sty
Package: nameref 2019/09/16 v2.46 Cross-referencing by name of section

(g:/Others/LaTeXall/texlive/2020/texmf-dist/tex/latex/refcount/refcount.sty
Package: refcount 2019/12/15 v3.6 Data extraction from label references (HO)
)
(g:/Others/LaTeXall/texlive/2020/texmf-dist/tex/generic/gettitlestring/gettitle
string.sty
Package: gettitlestring 2019/12/15 v1.6 Cleanup title references (HO)
)
\c@section@level=\count323
)
LaTeX Info: Redefining \ref on input line 67.
LaTeX Info: Redefining \pageref on input line 67.
LaTeX Info: Redefining \nameref on input line 67.
 (./ç³»æ•°é˜µç¬”è®°.out) (./ç³»æ•°é˜µç¬”è®°.out)
\@outlinefile=\write3
\openout3 = `ç³»æ•°é˜µç¬”è®°.out'.

LaTeX Font Info:    Trying to load font information for C70+rm on input line 78
.

(g:/Others/LaTeXall/texlive/2020/texmf-dist/tex/latex/ctex/fd/c70rm.fd
File: c70rm.fd 2019/05/29 v2.4.16 Chinese font definition (CTEX)
)
LaTeX Font Info:    Trying to load font information for U+msa on input line 78.


(g:/Others/LaTeXall/texlive/2020/texmf-dist/tex/latex/amsfonts/umsa.fd
File: umsa.fd 2013/01/14 v3.01 AMS symbols A
)
LaTeX Font Info:    Trying to load font information for U+msb on input line 78.


(g:/Others/LaTeXall/texlive/2020/texmf-dist/tex/latex/amsfonts/umsb.fd
File: umsb.fd 2013/01/14 v3.01 AMS symbols B
)
Package CJKpunct Info: use punctuation spaces for family 'rm' with punctstyle (
quanjiao) on input line 93.

(g:/Others/LaTeXall/texlive/2020/texmf-dist/tex/generic/ctex/zhwindowsfonts.tex
File: zhwindowsfonts.tex 2019/05/29 v2.4.16 Windows font map loader for pdfTeX 
and DVIPDFMx (CTEX)
) [1

]
<z.jpg, id=237, 485.815pt x 483.8075pt>
File: z.jpg Graphic file (type jpg)
<use z.jpg>
Package pdftex.def Info: z.jpg  used on input line 193.
(pdftex.def)             Requested size: 107.50114pt x 107.0507pt.
 [2 <./z.jpg>] (./ç³»æ•°é˜µç¬”è®°.toc [3])
\tf@toc=\write4
\openout4 = `ç³»æ•°é˜µç¬”è®°.toc'.

 [4]
Underfull \hbox (badness 10000) in paragraph at lines 214--215

 []

[5] [6] [7]
<010.jpg, id=369, 385.44pt x 260.975pt>
File: 010.jpg Graphic file (type jpg)
<use 010.jpg>
Package pdftex.def Info: 010.jpg  used on input line 290.
(pdftex.def)             Requested size: 154.80193pt x 104.81026pt.
<020.png, id=370, 204.765pt x 148.555pt>
File: 020.png Graphic file (type png)
<use 020.png>
Package pdftex.def Info: 020.png  used on input line 295.
(pdftex.def)             Requested size: 107.50114pt x 77.99254pt.
<030.jpg, id=371, 374.90062pt x 249.18094pt>
File: 030.jpg Graphic file (type jpg)
<use 030.jpg>
Package pdftex.def Info: 030.jpg  used on input line 299.
(pdftex.def)             Requested size: 171.99922pt x 114.32043pt.
 [8 <./010.jpg> <./020.png (PNG copy)>]
<040.png, id=377, 224.84pt x 146.5475pt>
File: 040.png Graphic file (type png)
<use 040.png>
Package pdftex.def Info: 040.png  used on input line 303.
(pdftex.def)             Requested size: 129.00269pt x 84.08525pt.
<050.jpg, id=378, 164.86594pt x 121.20282pt>
File: 050.jpg Graphic file (type jpg)
<use 050.jpg>
Package pdftex.def Info: 050.jpg  used on input line 307.
(pdftex.def)             Requested size: 129.00269pt x 94.84111pt.
<060.png, id=379, 567.11874pt x 184.69pt>
File: 060.png Graphic file (type png)
<use 060.png>
Package pdftex.def Info: 060.png  used on input line 311.
(pdftex.def)             Requested size: 258.00539pt x 84.02562pt.
<070.jpg, id=380, 690.32906pt x 579.66562pt>
File: 070.jpg Graphic file (type jpg)
<use 070.jpg>
Package pdftex.def Info: 070.jpg  used on input line 315.
(pdftex.def)             Requested size: 116.10307pt x 97.48929pt.
 [9 <./030.jpg> <./040.png (PNG copy)> <./050.jpg> <./060.png (PNG copy)>]
<080.png, id=385, 260.975pt x 163.61125pt>
File: 080.png Graphic file (type png)
<use 080.png>
Package pdftex.def Info: 080.png  used on input line 319.
(pdftex.def)             Requested size: 133.30037pt x 83.57043pt.
<090.jpg, id=386, 566.115pt x 667.74469pt>
File: 090.jpg Graphic file (type jpg)
<use 090.jpg>
Package pdftex.def Info: 090.jpg  used on input line 325.
(pdftex.def)             Requested size: 150.50424pt x 177.52208pt.
Missing character: There is no   in font cmr10!
 [10 <./070.jpg> <./080.png (PNG copy)> <./090.jpg>]

LaTeX Warning: Command \textperiodcentered invalid in math mode on input line 3
30.


LaTeX Warning: Command \textperiodcentered invalid in math mode on input line 3
30.

Missing character: There is no · in font cmr10!

LaTeX Warning: Command \texttimes invalid in math mode on input line 332.


LaTeX Warning: Command \texttimes invalid in math mode on input line 332.

Missing character: There is no Ö in font cmr10!
<100.png, id=396, 206.7725pt x 116.435pt>
File: 100.png Graphic file (type png)
<use 100.png>
Package pdftex.def Info: 100.png  used on input line 340.
(pdftex.def)             Requested size: 150.50424pt x 84.75165pt.
<110.jpg, id=397, 508.14844pt x 434.37282pt>
File: 110.jpg Graphic file (type jpg)
<use 110.jpg>
Package pdftex.def Info: 110.jpg  used on input line 343.
(pdftex.def)             Requested size: 150.50424pt x 128.64922pt.
[11 <./100.png (PNG copy)> <./110.jpg>] [12]
<120.jpg, id=412, 901.86937pt x 617.30624pt>
File: 120.jpg Graphic file (type jpg)
<use 120.jpg>
Package pdftex.def Info: 120.jpg  used on input line 419.
(pdftex.def)             Requested size: 171.99922pt x 117.72269pt.
 [13]
Overfull \hbox (7.14482pt too wide) in paragraph at lines 427--429
[]\C70/rm/m/n/10.53937/63 ¥ \C70/rm/m/n/10.53937/4e  \C70/rm/m/n/10.53937/67 e
 \C70/rm/m/n/10.53937/62 ^^Q \C70/rm/m/n/10.53937/4e ì \C70/rm/m/n/10.53937/67 
	 \C70/rm/m/n/10.53937/4e $ \C70/rm/m/n/10.53937/79 Í \C70/rm/m/n/10.53937/50 Z
 \C70/rm/m/n/10.53937/6c Õ|\C70/rm/m/n/10.53937/ff ^^L| \C70/rm/m/n/10.53937/6c
 Õ \C70/rm/m/n/10.53937/4e ^^@ \C70/rm/m/n/10.53937/6b Ô \C70/rm/m/n/10.53937/8
f ƒ \C70/rm/m/n/10.53937/5b ¹ \C70/rm/m/n/10.53937/66 ^^S \C70/rm/m/n/10.53937/
60 ó \C70/rm/m/n/10.53937/52 0|\C70/rm/m/n/10.53937/ff ^^L| \C70/rm/m/n/10.5393
7/62 Š \C70/rm/m/n/10.53937/5b ƒ \C70/rm/m/n/10.53937/62 Æ ^^P \C70/rm/m/n/10.5
3937/4e 	 \C70/rm/m/n/10.53937/7e Ä$\OT1/cmr/m/n/10.53937 [1\OML/cmm/m/it/10.53
937 ; \OMS/cmsy/m/n/10.53937 ^^@\OT1/cmr/m/n/10.53937 2\OML/cmm/m/it/10.53937 ;
 \OT1/cmr/m/n/10.53937 1]$|\C70/rm/m/n/10.53937/ff ^^L| \C70/rm/m/n/10.53937/6b
 Ï \C70/rm/m/n/10.53937/4e ^^@ *$\OMS/cmsy/m/n/10.53937 ^^@\OT1/cmr/m/n/10.5393
7 1$\C70/rm/m/n/10.53937/62 Æ ^^P$\OT1/cmr/m/n/10.53937 1$\C70/rm/m/n/10.53937/
54 Œ$\OMS/cmsy/m/n/10.53937 ^^@\OT1/cmr/m/n/10.53937 2$ 
 []


Underfull \hbox (badness 10000) in paragraph at lines 435--437

 []


Underfull \hbox (badness 10000) in paragraph at lines 440--444

 []

[14 <./120.jpg>]
<130.jpg, id=425, 176.91093pt x 118.94438pt>
File: 130.jpg Graphic file (type jpg)
<use 130.jpg>
Package pdftex.def Info: 130.jpg  used on input line 454.
(pdftex.def)             Requested size: 171.99922pt x 115.6445pt.
<140.jpg, id=426, 547.2947pt x 483.30562pt>
File: 140.jpg Graphic file (type jpg)
<use 140.jpg>
Package pdftex.def Info: 140.jpg  used on input line 462.
(pdftex.def)             Requested size: 171.99922pt x 151.88809pt.
 [15 <./130.jpg>]
<160.jpg, id=431, 798.73407pt x 522.45187pt>
File: 160.jpg Graphic file (type jpg)
<use 160.jpg>
Package pdftex.def Info: 160.jpg  used on input line 484.
(pdftex.def)             Requested size: 193.50076pt x 126.57086pt.
 [16 <./140.jpg>]
Underfull \hbox (badness 10000) in paragraph at lines 486--487

 []


Package hyperref Warning: Token not allowed in a PDF string (Unicode):
(hyperref)                removing `math shift' on input line 488.


Package hyperref Warning: Token not allowed in a PDF string (Unicode):
(hyperref)                removing `superscript' on input line 488.


Package hyperref Warning: Token not allowed in a PDF string (Unicode):
(hyperref)                removing `math shift' on input line 488.


Package hyperref Warning: Token not allowed in a PDF string (Unicode):
(hyperref)                removing `math shift' on input line 489.


Package hyperref Warning: Token not allowed in a PDF string (Unicode):
(hyperref)                removing `superscript' on input line 489.


Package hyperref Warning: Token not allowed in a PDF string (Unicode):
(hyperref)                removing `math shift' on input line 489.

[17 <./160.jpg>]
Underfull \hbox (badness 10000) in paragraph at lines 508--512

 []


Underfull \hbox (badness 10000) in paragraph at lines 513--530

 []

[18]
<180.png, id=451, 195.73125pt x 132.495pt>
File: 180.png Graphic file (type png)
<use 180.png>
Package pdftex.def Info: 180.png  used on input line 531.
(pdftex.def)             Requested size: 215.0023pt x 145.54883pt.

Underfull \hbox (badness 10000) in paragraph at lines 533--536

 []

<190.png, id=453, 222.8325pt x 149.05687pt>
File: 190.png Graphic file (type png)
<use 190.png>
Package pdftex.def Info: 190.png  used on input line 548.
(pdftex.def)             Requested size: 171.99922pt x 115.0539pt.
[19 <./180.png>] [20 <./190.png>] [21]
<200.png, id=470, 218.31563pt x 145.29282pt>
File: 200.png Graphic file (type png)
<use 200.png>
Package pdftex.def Info: 200.png  used on input line 601.
(pdftex.def)             Requested size: 171.99922pt x 114.46968pt.
 [22 <./200.png>] [23] [24]
Underfull \hbox (badness 10000) in paragraph at lines 675--676

 []

[25]
<170.jpg, id=494, 268.75406pt x 170.88844pt>
File: 170.jpg Graphic file (type jpg)
<use 170.jpg>
Package pdftex.def Info: 170.jpg  used on input line 705.
(pdftex.def)             Requested size: 215.0023pt x 136.71092pt.


LaTeX Warning: Command \textperiodcentered invalid in math mode on input line 7
08.


LaTeX Warning: Command \textperiodcentered invalid in math mode on input line 7
08.

Missing character: There is no · in font cmr10!

Underfull \hbox (badness 10000) in paragraph at lines 708--711

 []

[26 <./170.jpg>]
Overfull \hbox (4.30498pt too wide) in paragraph at lines 727--729
\C70/rm/m/n/10.53937/4e 
 \C70/rm/m/n/10.53937/6b ! \C70/rm/m/n/10.53937/4e _ \C70/rm/m/n/10.53937/8b ô 
\C70/rm/m/n/10.53937/66 ^^N \C70/rm/m/n/10.53937/4e †|\C70/rm/m/n/10.53937/ff ^
^L| \C70/rm/m/n/10.53937/4e Å Å \C70/rm/m/n/10.53937/75 ( \C70/rm/m/n/10.53937/
7b € \C70/rm/m/n/10.53937/53 U \C70/rm/m/n/10.53937/57 G \C70/rm/m/n/10.53937/5
0 < \C70/rm/m/n/10.53937/4e ^^M \C70/rm/m/n/10.53937/53 ï \C70/rm/m/n/10.53937/
80 ý \C70/rm/m/n/10.53937/52 ) \C70/rm/m/n/10.53937/75 ( \C70/rm/m/n/10.53937/4
e 
 - \C70/rm/m/n/10.53937/95 ô \C70/rm/m/n/10.53937/76 „\OT1/cmr/m/n/10.53937 3|\
C70/rm/m/n/10.53937/ff ^^L| \C70/rm/m/n/10.53937/62 @ \C70/rm/m/n/10.53937/4e å
 \C70/rm/m/n/10.53937/63 Ð \C70/rm/m/n/10.53937/51 ú \C70/rm/m/n/10.53937/4e ^^
@ *\OT1/cmr/m/n/10.53937 schur|\C70/rm/m/n/10.53937/ff ^^L| \C70/rm/m/n/10.5393
7/53 Ø \C70/rm/m/n/10.53937/62 ^^P \C70/rm/m/n/10.53937/4e 	 *$\OT1/cmr/m/n/10.
53937 [1\OML/cmm/m/it/10.53937 ; \OMS/cmsy/m/n/10.53937 ^^@\OT1/cmr/m/n/10.5393
7 2\OML/cmm/m/it/10.53937 ; \OT1/cmr/m/n/10.53937 1]$ 
 []

[27] [28]
<220.png, id=508, 350.30875pt x 220.825pt>
File: 220.png Graphic file (type png)
<use 220.png>
Package pdftex.def Info: 220.png  used on input line 768.
(pdftex.def)             Requested size: 171.99922pt x 108.42421pt.
 [29 <./220.png (PNG copy)>]
<230.png, id=513, 342.27875pt x 235.88126pt>
File: 230.png Graphic file (type png)
<use 230.png>
Package pdftex.def Info: 230.png  used on input line 783.
(pdftex.def)             Requested size: 215.0023pt x 148.17046pt.
<210.jpg, id=514, 752.8125pt x 752.8125pt>
File: 210.jpg Graphic file (type jpg)
<use 210.jpg>
Package pdftex.def Info: 210.jpg  used on input line 786.
(pdftex.def)             Requested size: 171.99922pt x 171.99452pt.
 [30 <./230.png (PNG copy)>]
Overfull \hbox (25.0048pt too wide) in paragraph at lines 788--789
\C70/rm/m/n/10.53937/8f Ø \C70/rm/m/n/10.53937/66 / \C70/rm/m/n/10.53937/4e ^^@
 \C70/rm/m/n/10.53937/68 7 \C70/rm/m/n/10.53937/76 „ \C70/rm/m/n/10.53937/90 S 
\C70/rm/m/n/10.53937/74 ^^F|\C70/rm/m/n/10.53937/ff ^^L| \C70/rm/m/n/10.53937/5
1 s \C70/rm/m/n/10.53937/95 . \C70/rm/m/n/10.53937/57 ( \C70/rm/m/n/10.53937/4e
 Ž \C70/rm/m/n/10.53937/59 ‚ \C70/rm/m/n/10.53937/4f U \C70/rm/m/n/10.53937/52 
) \C70/rm/m/n/10.53937/75 ( \C70/rm/m/n/10.53937/4e - \C70/rm/m/n/10.53937/95 ô
 \C70/rm/m/n/10.53937/76 „\OT1/cmr/m/n/10.53937 3|\C70/rm/m/n/10.53937/ff ^^L| 
\C70/rm/m/n/10.53937/90 £ \C70/rm/m/n/10.53937/4e H \C70/rm/m/n/10.53937/81 ê \
C70/rm/m/n/10.53937/71 6 \C70/rm/m/n/10.53937/57 0 \C70/rm/m/n/10.53937/60 ó \C
70/rm/m/n/10.53937/52 0 \C70/rm/m/n/10.53937/8f Ù \C70/rm/m/n/10.53937/68 7 \C7
0/rm/m/n/10.53937/76 „\OT1/cmr/m/n/10.53937 schur|\C70/rm/m/n/10.53937/ff ^^L| 
\C70/rm/m/n/10.53937/4e _ \C70/rm/m/n/10.53937/5c 1 \C70/rm/m/n/10.53937/66 / \
C70/rm/m/n/10.53937/51 Ï \C70/rm/m/n/10.53937/63 ‰$[] \OML/cmm/m/it/10.53937 a[
]\OT1/cmr/m/n/10.53937 (\OML/cmm/m/it/10.53937 a[] \OMS/cmsy/m/n/10.53937 ^^@
 []

<240.png, id=520, 217.5628pt x 149.8097pt>
File: 240.png Graphic file (type png)
<use 240.png>
Package pdftex.def Info: 240.png  used on input line 803.
(pdftex.def)             Requested size: 215.0023pt x 148.05602pt.
[31 <./210.jpg>] [32 <./240.png>] [33] [34]
<250.png, id=539, 195.73125pt x 136.25906pt>
File: 250.png Graphic file (type png)
<use 250.png>
Package pdftex.def Info: 250.png  used on input line 900.
(pdftex.def)             Requested size: 171.99922pt x 119.74408pt.
 [35] [36 <./250.png>] [37]
<260.png, id=556, 698.61pt x 371.3875pt>
File: 260.png Graphic file (type png)
<use 260.png>
Package pdftex.def Info: 260.png  used on input line 959.
(pdftex.def)             Requested size: 215.0023pt x 114.29588pt.

Underfull \hbox (badness 10000) in paragraph at lines 961--963

 []

[38 <./260.png (PNG copy)>] [39] [40]
Overfull \hbox (18.25793pt too wide) in paragraph at lines 1060--1079
\C70/rm/m/n/10.53937/66 / \C70/rm/m/n/10.53937/8f Ù \C70/rm/m/n/10.53937/4e * ^
^\ \C70/rm/m/n/10.53937/89 ^^? \C70/rm/m/n/10.53937/76 „ \C70/rm/m/n/10.53937/8
f n \C70/rm/m/n/10.53937/63 b \C70/rm/m/n/10.53937/54 Œ|\C70/rm/m/n/10.53937/ff
 ^^L| \C70/rm/m/n/10.53937/8f Ù \C70/rm/m/n/10.53937/4e * \C70/rm/m/n/10.53937/
5e s \C70/rm/m/n/10.53937/65 ¹ \C70/rm/m/n/10.53937/8f n \C70/rm/m/n/10.53937/6
3 b \C70/rm/m/n/10.53937/54 Œ \C70/rm/m/n/10.53937/4e ^^@  ^^@ \C70/rm/m/n/10.
53937/5b š \C70/rm/m/n/10.53937/66 / \C70/rm/m/n/10.53937/60 ; \C70/rm/m/n/10.5
3937/54 Œ \C70/rm/m/n/10.53937/4e :$\OT1/cmr/m/n/10.53937 0$\C70/rm/m/n/10.5393
7/76 „|\C70/rm/m/n/10.53937/ff ^^L| \C70/rm/m/n/10.53937/80 ^^L \C70/rm/m/n/10.
53937/4e ^^T \C70/rm/m/n/10.53937/8f ¹ \C70/rm/m/n/10.53937/4e 
 \C70/rm/m/n/10.53937/8f Ø \C70/rm/m/n/10.53937/4e ^^@ \C70/rm/m/n/10.53937/5b 
š \C70/rm/m/n/10.53937/5c 1 \C70/rm/m/n/10.53937/66 / \C70/rm/m/n/10.53937/8f Ù
 \C70/rm/m/n/10.53937/4e *$\OT1/cmr/m/n/10.53937 [4\OML/cmm/m/it/10.53937 ; \OM
S/cmsy/m/n/10.53937 ^^@\OT1/cmr/m/n/10.53937 4\OML/cmm/m/it/10.53937 ; \OT1/cmr
/m/n/10.53937 1]$|\C70/rm/m/n/10.53937/30 ^^B|
 []

[41]
Underfull \hbox (badness 10000) in paragraph at lines 1107--1111

 []

[42]
<270.png, id=580, 159.59625pt x 108.405pt>
File: 270.png Graphic file (type png)
<use 270.png>
Package pdftex.def Info: 270.png  used on input line 1137.
(pdftex.def)             Requested size: 129.00269pt x 87.6256pt.

Overfull \hbox (65.72852pt too wide) in paragraph at lines 1154--1157
[]\C70/rm/m/n/10.53937/57 ( \C70/rm/m/n/10.53937/90 G \C70/rm/m/n/10.53937/52 0
 \C70/rm/m/n/10.53937/4e ^^@ › \C70/rm/m/n/10.53937/53 ï \C70/rm/m/n/10.53937/8
0 ý \C70/rm/m/n/10.53937/4e ^^M \C70/rm/m/n/10.53937/59 * ™ \C70/rm/m/n/10.5393
7/76 „ \C70/rm/m/n/10.53937/98 ˜ \C70/rm/m/n/10.53937/76 î \C70/rm/m/n/10.53937
/65 ö|\C70/rm/m/n/10.53937/ff ^^L| \C70/rm/m/n/10.53937/96 d \C70/rm/m/n/10.539
37/4e † \C70/rm/m/n/10.53937/68 À \C70/rm/m/n/10.53937/67 å$\OML/cmm/m/it/10.53
937 f\OT1/cmr/m/n/10.53937 (1\OML/cmm/m/it/10.53937 ; \OT1/cmr/m/n/10.53937 1\O
ML/cmm/m/it/10.53937 ; \OT1/cmr/m/n/10.53937 1)$\C70/rm/m/n/10.53937/8f Ù \C70/
rm/m/n/10.53937/4e * \C70/rm/m/n/10.53937/67 ^^@ \C70/rm/m/n/10.53937/5e s \C70
/rm/m/n/10.53937/51 á \C70/rm/m/n/10.53937/76 „ \C70/rm/m/n/10.53937/70 ¹ \C70/
rm/m/n/10.53937/4e K \C70/rm/m/n/10.53937/59 ^^V \C70/rm/m/n/10.53937/4e _ \C70
/rm/m/n/10.53937/89  \C70/rm/m/n/10.53937/6c è \C70/rm/m/n/10.53937/61 ^^O$\OM
L/cmm/m/it/10.53937 f\OT1/cmr/m/n/10.53937 (\OML/cmm/m/it/10.53937 a; b; \OT1/c
mr/m/n/10.53937 0)$\C70/rm/m/n/10.53937/54 Œ$\OML/cmm/m/it/10.53937 f\OT1/cmr/m
/n/10.53937 (\OML/cmm/m/it/10.53937 a; b; b\OT1/cmr/m/n/10.53937 )$\C70/rm/m/n/
10.53937/4e $
 []


Overfull \hbox (14.54253pt too wide) in paragraph at lines 1154--1157
\C70/rm/m/n/10.53937/4e * \C70/rm/m/n/10.53937/72 y \C70/rm/m/n/10.53937/6b Š \
C70/rm/m/n/10.53937/76 „ \C70/rm/m/n/10.53937/96 M \C70/rm/m/n/10.53937/7e ô \C
70/rm/m/n/10.53937/60 Å \C70/rm/m/n/10.53937/51 µ \C70/rm/m/n/10.53937/77 $\OM
L/cmm/m/it/10.53937 f\OT1/cmr/m/n/10.53937 (\OML/cmm/m/it/10.53937 a; b; b\OT1/
cmr/m/n/10.53937 )$\C70/rm/m/n/10.53937/65 ö|\C70/rm/m/n/10.53937/ff ^^L| \C70/
rm/m/n/10.53937/53 ï \C70/rm/m/n/10.53937/4e å ^^@ \C70/rm/m/n/10.53937/88 L \C
70/rm/m/n/10.53937/4e ^^@ \C70/rm/m/n/10.53937/88 L \C70/rm/m/n/10.53937/77  \
C70/rm/m/n/10.53937/60 ; \C70/rm/m/n/10.53937/54 Œ|\C70/rm/m/n/10.53937/ff ^^L|
 \C70/rm/m/n/10.53937/71 6 \C70/rm/m/n/10.53937/54 ^^N \C70/rm/m/n/10.53937/4e 
Î  \C70/rm/m/n/10.53937/5f € \C70/rm/m/n/10.53937/4e 
 \C70/rm/m/n/10.53937/5f õ|\C70/rm/m/n/10.53937/ff ^^L| \C70/rm/m/n/10.53937/6b
 Ô \C70/rm/m/n/10.53937/59 ‚$\OT1/cmr/m/n/10.53937 [1\OML/cmm/m/it/10.53937 ; \
OMS/cmsy/m/n/10.53937 ^^@\OT1/cmr/m/n/10.53937 6\OML/cmm/m/it/10.53937 ; \OT1/c
mr/m/n/10.53937 13\OML/cmm/m/it/10.53937 ; \OMS/cmsy/m/n/10.53937 ^^@\OT1/cmr/m
/n/10.53937 12\OML/cmm/m/it/10.53937 ; \OT1/cmr/m/n/10.53937 4]$|\C70/rm/m/n/10
.53937/ff ^^L|
 []

[43 <./270.png>]
Underfull \hbox (badness 10000) in paragraph at lines 1174--1176

 []

[44]
<a010.jpg, id=596, 697.8572pt x 246.9225pt>
File: a010.jpg Graphic file (type jpg)
<use a010.jpg>
Package pdftex.def Info: a010.jpg  used on input line 1192.
(pdftex.def)             Requested size: 258.00539pt x 91.2883pt.
<a020.png, id=597, 872.25874pt x 312.16624pt>
File: a020.png Graphic file (type png)
<use a020.png>
Package pdftex.def Info: a020.png  used on input line 1195.
(pdftex.def)             Requested size: 301.00192pt x 107.72128pt.
 [45 <./a010.jpg>]
<a030.png, id=604, 425.59pt x 279.0425pt>
File: a030.png Graphic file (type png)
<use a030.png>
Package pdftex.def Info: a030.png  used on input line 1199.
(pdftex.def)             Requested size: 301.00192pt x 197.36365pt.
<a040.png, id=605, 608.2725pt x 311.1625pt>
File: a040.png Graphic file (type png)
<use a040.png>
Package pdftex.def Info: a040.png  used on input line 1203.
(pdftex.def)             Requested size: 301.00192pt x 153.9808pt.
 [46 <./a020.png (PNG copy)> <./a030.png (PNG copy)>]
<a050.png, id=610, 1013.7875pt x 293.095pt>
File: a050.png Graphic file (type png)
<use a050.png>
Package pdftex.def Info: a050.png  used on input line 1207.
(pdftex.def)             Requested size: 301.00192pt x 87.0213pt.
Package atveryend Info: Empty hook `BeforeClearDocument' on input line 1209.

[47 <./a040.png (PNG copy)> <./a050.png (PNG copy)>]
Package atveryend Info: Empty hook `AfterLastShipout' on input line 1209.
 (./ç³»æ•°é˜µç¬”è®°.aux)
Package atveryend Info: Executing hook `AtVeryEndDocument' on input line 1209.
Package atveryend Info: Executing hook `AtEndAfterFileList' on input line 1209.

Package rerunfilecheck Info: File `ç³»æ•°é˜µç¬”è®°.out' has not changed.
(rerunfilecheck)             Checksum: 19EB652F5D9E9CDA9E1A72171871DA01;2485.
Package atveryend Info: Empty hook `AtVeryVeryEnd' on input line 1209.
 ) 
Here is how much of TeX's memory you used:
 20177 strings out of 480608
 321808 string characters out of 5895261
 560241 words of memory out of 5000000
 35238 multiletter control sequences out of 15000+600000
 608219 words of font info for 307 fonts, out of 8000000 for 9000
 1141 hyphenation exceptions out of 8191
 46i,15n,59p,880b,413s stack positions out of 5000i,500n,10000p,200000b,80000s
<c:/Windows/Fonts/simsun.ttc><c:/Windows/Fonts/simhei.ttf><c:/Windows/Fonts/s
imhei.ttf><c:/Windows/Fonts/simsun.ttc><c:/Windows/Fonts/simsun.ttc><c:/Windows
/Fonts/simsun.ttc><c:/Windows/Fonts/simhei.ttf><c:/Windows/Fonts/simhei.ttf><c:
/Windows/Fonts/simsun.ttc><c:/Windows/Fonts/simsun.ttc><c:/Windows/Fonts/simhei
.ttf><c:/Windows/Fonts/simsun.ttc><c:/Windows/Fonts/simsun.ttc><c:/Windows/Font
s/simsun.ttc><c:/Windows/Fonts/simsun.ttc><c:/Windows/Fonts/simsun.ttc><c:/Wind
ows/Fonts/simsun.ttc><c:/Windows/Fonts/simsun.ttc><c:/Windows/Fonts/simsun.ttc>
<c:/Windows/Fonts/simsun.ttc><c:/Windows/Fonts/simsun.ttc><c:/Windows/Fonts/sim
sun.ttc><c:/Windows/Fonts/simsun.ttc><c:/Windows/Fonts/simsun.ttc><c:/Windows/F
onts/simsun.ttc><c:/Windows/Fonts/simsun.ttc><c:/Windows/Fonts/simsun.ttc><c:/W
indows/Fonts/simsun.ttc><c:/Windows/Fonts/simsun.ttc>{g:/Others/LaTeXall/texliv
e/2020/texmf-dist/fonts/enc/dvips/cm-super/cm-super-ts1.enc}<c:/Windows/Fonts/s
imhei.ttf><c:/Windows/Fonts/simhei.ttf><c:/Windows/Fonts/simsun.ttc><c:/Windows
/Fonts/simsun.ttc><c:/Windows/Fonts/simsun.ttc><c:/Windows/Fonts/simsun.ttc><c:
/Windows/Fonts/simhei.ttf><c:/Windows/Fonts/simsun.ttc><c:/Windows/Fonts/simsun
.ttc><c:/Windows/Fonts/simsun.ttc><c:/Windows/Fonts/simsun.ttc><c:/Windows/Font
s/simsun.ttc><c:/Windows/Fonts/simsun.ttc><c:/Windows/Fonts/simsun.ttc><c:/Wind
ows/Fonts/simsun.ttc><c:/Windows/Fonts/simhei.ttf><c:/Windows/Fonts/simsun.ttc>
<c:/Windows/Fonts/simsun.ttc><c:/Windows/Fonts/simsun.ttc><c:/Windows/Fonts/sim
sun.ttc><c:/Windows/Fonts/simhei.ttf><c:/Windows/Fonts/simsun.ttc><c:/Windows/F
onts/simhei.ttf><c:/Windows/Fonts/simhei.ttf><c:/Windows/Fonts/simhei.ttf><c:/W
indows/Fonts/simhei.ttf><c:/Windows/Fonts/simhei.ttf><c:/Windows/Fonts/simsun.t
tc><c:/Windows/Fonts/simhei.ttf><c:/Windows/Fonts/simhei.ttf><c:/Windows/Fonts/
simhei.ttf><c:/Windows/Fonts/simhei.ttf><c:/Windows/Fonts/simsun.ttc><c:/Window
s/Fonts/simhei.ttf><c:/Windows/Fonts/simsun.ttc><c:/Windows/Fonts/simhei.ttf><c
:/Windows/Fonts/simhei.ttf><c:/Windows/Fonts/simhei.ttf><c:/Windows/Fonts/simhe
i.ttf><c:/Windows/Fonts/simhei.ttf><c:/Windows/Fonts/simsun.ttc><c:/Windows/Fon
ts/simhei.ttf><c:/Windows/Fonts/simhei.ttf><c:/Windows/Fonts/simhei.ttf><c:/Win
dows/Fonts/simhei.ttf><c:/Windows/Fonts/simhei.ttf><c:/Windows/Fonts/simhei.ttf
><c:/Windows/Fonts/simsun.ttc><c:/Windows/Fonts/simsun.ttc><c:/Windows/Fonts/si
msun.ttc><c:/Windows/Fonts/simsun.ttc><c:/Windows/Fonts/simsun.ttc><c:/Windows/
Fonts/simsun.ttc><c:/Windows/Fonts/simsun.ttc><c:/Windows/Fonts/simsun.ttc><c:/
Windows/Fonts/simsun.ttc><c:/Windows/Fonts/simsun.ttc><c:/Windows/Fonts/simsun.
ttc><c:/Windows/Fonts/simsun.ttc><c:/Windows/Fonts/simsun.ttc><c:/Windows/Fonts
/simsun.ttc><c:/Windows/Fonts/simsun.ttc><c:/Windows/Fonts/simsun.ttc><c:/Windo
ws/Fonts/simsun.ttc><c:/Windows/Fonts/simsun.ttc><c:/Windows/Fonts/simsun.ttc><
c:/Windows/Fonts/simsun.ttc><c:/Windows/Fonts/simsun.ttc><c:/Windows/Fonts/sims
un.ttc><c:/Windows/Fonts/simsun.ttc><c:/Windows/Fonts/simsun.ttc><c:/Windows/Fo
nts/simsun.ttc><c:/Windows/Fonts/simsun.ttc><c:/Windows/Fonts/simsun.ttc><c:/Wi
ndows/Fonts/simsun.ttc><c:/Windows/Fonts/simsun.ttc><c:/Windows/Fonts/simsun.tt
c><c:/Windows/Fonts/simsun.ttc><c:/Windows/Fonts/simsun.ttc><c:/Windows/Fonts/s
imsun.ttc><c:/Windows/Fonts/simsun.ttc><c:/Windows/Fonts/simsun.ttc><c:/Windows
/Fonts/simsun.ttc><c:/Windows/Fonts/simsun.ttc><c:/Windows/Fonts/simsun.ttc><c:
/Windows/Fonts/simsun.ttc><c:/Windows/Fonts/simhei.ttf><c:/Windows/Fonts/simhei
.ttf><c:/Windows/Fonts/simsun.ttc><c:/Windows/Fonts/simsun.ttc><c:/Windows/Font
s/simsun.ttc><c:/Windows/Fonts/simsun.ttc><c:/Windows/Fonts/simsun.ttc><c:/Wind
ows/Fonts/simsun.ttc><c:/Windows/Fonts/simsun.ttc><c:/Windows/Fonts/simsun.ttc>
<c:/Windows/Fonts/simsun.ttc><c:/Windows/Fonts/simsun.ttc><c:/Windows/Fonts/sim
sun.ttc><c:/Windows/Fonts/simsun.ttc><c:/Windows/Fonts/simsun.ttc><g:/Others/La
TeXall/texlive/2020/texmf-dist/fonts/type1/public/amsfonts/cm/cmbx10.pfb><g:/Ot
hers/LaTeXall/texlive/2020/texmf-dist/fonts/type1/public/amsfonts/cm/cmbx12.pfb
><g:/Others/LaTeXall/texlive/2020/texmf-dist/fonts/type1/public/amsfonts/cm/cme
x10.pfb><g:/Others/LaTeXall/texlive/2020/texmf-dist/fonts/type1/public/amsfonts
/cm/cmmi10.pfb><g:/Others/LaTeXall/texlive/2020/texmf-dist/fonts/type1/public/a
msfonts/cm/cmmi12.pfb><g:/Others/LaTeXall/texlive/2020/texmf-dist/fonts/type1/p
ublic/amsfonts/cm/cmmi7.pfb><g:/Others/LaTeXall/texlive/2020/texmf-dist/fonts/t
ype1/public/amsfonts/cm/cmmi8.pfb><g:/Others/LaTeXall/texlive/2020/texmf-dist/f
onts/type1/public/amsfonts/cm/cmr10.pfb><g:/Others/LaTeXall/texlive/2020/texmf-
dist/fonts/type1/public/amsfonts/cm/cmr12.pfb><g:/Others/LaTeXall/texlive/2020/
texmf-dist/fonts/type1/public/amsfonts/cm/cmr17.pfb><g:/Others/LaTeXall/texlive
/2020/texmf-dist/fonts/type1/public/amsfonts/cm/cmr5.pfb><g:/Others/LaTeXall/te
xlive/2020/texmf-dist/fonts/type1/public/amsfonts/cm/cmr7.pfb><g:/Others/LaTeXa
ll/texlive/2020/texmf-dist/fonts/type1/public/amsfonts/cm/cmr8.pfb><g:/Others/L
aTeXall/texlive/2020/texmf-dist/fonts/type1/public/amsfonts/cm/cmr9.pfb><g:/Oth
ers/LaTeXall/texlive/2020/texmf-dist/fonts/type1/public/amsfonts/cm/cmsl10.pfb>
<g:/Others/LaTeXall/texlive/2020/texmf-dist/fonts/type1/public/amsfonts/cm/cmsy
10.pfb><g:/Others/LaTeXall/texlive/2020/texmf-dist/fonts/type1/public/amsfonts/
cm/cmsy7.pfb><g:/Others/LaTeXall/texlive/2020/texmf-dist/fonts/type1/public/ams
fonts/symbols/msam10.pfb><g:/Others/LaTeXall/texlive/2020/texmf-dist/fonts/type
1/public/amsfonts/symbols/msbm10.pfb><g:/Others/LaTeXall/texlive/2020/texmf-dis
t/fonts/type1/public/cm-super/sfrm1000.pfb>
Output written on ç³»æ•°é˜µç¬”è®°.pdf (47 pages, 1117797 bytes).
PDF statistics:
 1095 PDF objects out of 1200 (max. 8388607)
 773 compressed objects within 8 object streams
 78 named destinations out of 1000 (max. 500000)
 701 words of extra memory for PDF output out of 10000 (max. 10000000)

